Using pre-set license
Built from '6000.1/staging' branch; Version is '6000.1.15f1 (faa32412f6c9) revision 16425764'; Using compiler version '194234433'; Build Type 'Release'
OS: 'Windows 11  (10.0.26100) 64bit CoreSingleLanguage' Language: 'en' Physical Memory: 8013 MB
BatchMode: 1, IsHumanControllingUs: 0, StartBugReporterOnCrash: 0, Is64bit: 1, IsPro: 1
Date: 2025-11-20T15:28:24Z

COMMAND LINE ARGUMENTS:
C:\Program Files\Unity\Hub\Editor\6000.1.15f1\Editor\Unity.exe
-adb2
-batchMode
-noUpm
-name
AssetImportWorker2
-projectPath
C:/Users/Carmela/Fighting Game 3-7
-logFile
Logs/AssetImportWorker2.log
-srvPort
55530
-job-worker-count
5
-background-job-worker-count
8
-gc-helper-count
1
-name
AssetImport
Successfully changed project path to: C:/Users/Carmela/Fighting Game 3-7
C:/Users/Carmela/Fighting Game 3-7
[UnityMemory] Configuration Parameters - Can be set up in boot.config
    "memorysetup-allocator-temp-initial-block-size-main=262144"
    "memorysetup-allocator-temp-initial-block-size-worker=262144"
    "memorysetup-bucket-allocator-granularity=16"
    "memorysetup-bucket-allocator-bucket-count=8"
    "memorysetup-bucket-allocator-block-size=33554432"
    "memorysetup-bucket-allocator-block-count=8"
    "memorysetup-main-allocator-block-size=16777216"
    "memorysetup-thread-allocator-block-size=16777216"
    "memorysetup-gfx-main-allocator-block-size=16777216"
    "memorysetup-gfx-thread-allocator-block-size=16777216"
    "memorysetup-cache-allocator-block-size=4194304"
    "memorysetup-typetree-allocator-block-size=2097152"
    "memorysetup-profiler-bucket-allocator-granularity=16"
    "memorysetup-profiler-bucket-allocator-bucket-count=8"
    "memorysetup-profiler-bucket-allocator-block-size=33554432"
    "memorysetup-profiler-bucket-allocator-block-count=8"
    "memorysetup-profiler-allocator-block-size=16777216"
    "memorysetup-profiler-editor-allocator-block-size=1048576"
    "memorysetup-temp-allocator-size-main=16777216"
    "memorysetup-job-temp-allocator-block-size=2097152"
    "memorysetup-job-temp-allocator-block-size-background=1048576"
    "memorysetup-job-temp-allocator-reduction-small-platforms=262144"
    "memorysetup-temp-allocator-size-background-worker=32768"
    "memorysetup-temp-allocator-size-job-worker=262144"
    "memorysetup-temp-allocator-size-preload-manager=33554432"
    "memorysetup-temp-allocator-size-nav-mesh-worker=65536"
    "memorysetup-temp-allocator-size-audio-worker=65536"
    "memorysetup-temp-allocator-size-cloud-worker=32768"
    "memorysetup-temp-allocator-size-gi-baking-worker=262144"
    "memorysetup-temp-allocator-size-gi-baking-worker=262144"
    "memorysetup-temp-allocator-size-gi-baking-worker=262144"
    "memorysetup-temp-allocator-size-gi-baking-worker=262144"
    "memorysetup-temp-allocator-size-gi-baking-worker=262144"
    "memorysetup-temp-allocator-size-gfx=262144"
Player connection [22416]  Target information:

Player connection [22416]  * "[IP] 192.168.56.1 [Port] 0 [Flags] 2 [Guid] 1407675123 [EditorId] 1407675123 [Version] 1048832 [Id] WindowsEditor(7,MSI) [Debug] 1 [PackageName] WindowsEditor [ProjectName] Editor" 

Player connection [22416]  * "[IP] 192.168.1.7 [Port] 0 [Flags] 2 [Guid] 1407675123 [EditorId] 1407675123 [Version] 1048832 [Id] WindowsEditor(7,MSI) [Debug] 1 [PackageName] WindowsEditor [ProjectName] Editor" 

Player connection [22416] Host joined multi-casting on [225.0.0.222:54997]...
Player connection [22416] Host joined alternative multi-casting on [225.0.0.222:34997]...
JobSystem: Creating JobQueue using job-worker-count value 5
Input System module state changed to: Initialized.
[Physics::Module] Initialized fallback backend.
[Physics::Module] Id: 0xdecafbad
Library Redirect Path: Library/
[Physics::Module] Selected backend.
[Physics::Module] Name: PhysX
[Physics::Module] Id: 0xf2b8ea05
[Physics::Module] SDK Version: 4.1.2
[Physics::Module] Integration Version: 1.0.0
[Physics::Module] Threading Mode: Multi-Threaded
Refreshing native plugins compatible for Editor in 2177.18 ms, found 4 plugins.
Preloading 0 native plugins for Editor in 0.00 ms.
Initialize engine version: 6000.1.15f1 (faa32412f6c9)
[Subsystems] Discovering subsystems at path C:/Program Files/Unity/Hub/Editor/6000.1.15f1/Editor/Data/Resources/UnitySubsystems
[Subsystems] Discovering subsystems at path C:/Users/Carmela/Fighting Game 3-7/Assets
GfxDevice: creating device client; kGfxThreadingModeNonThreaded
Direct3D:
    Version:         Direct3D 12 [level 12.1]
    Renderer:        NVIDIA GeForce RTX 3050 Laptop GPU (ID=0x25a2)
    Vendor:          NVIDIA
    VRAM:            3991 MB
    App VRAM Budget: 3392 MB
    Driver:          30.0.15.1165
Initialize mono
Mono path[0] = 'C:/Program Files/Unity/Hub/Editor/6000.1.15f1/Editor/Data/Managed'
Mono path[1] = 'C:/Program Files/Unity/Hub/Editor/6000.1.15f1/Editor/Data/MonoBleedingEdge/lib/mono/unityjit-win32'
Mono config path = 'C:/Program Files/Unity/Hub/Editor/6000.1.15f1/Editor/Data/MonoBleedingEdge/etc'
Using monoOptions --debugger-agent=transport=dt_socket,embedding=1,server=y,suspend=n,address=127.0.0.1:56264
Begin MonoManager ReloadAssembly
Registering precompiled unity dll's ...
Register platform support module: C:/Program Files/Unity/Hub/Editor/6000.1.15f1/Editor/Data/PlaybackEngines/WebGLSupport/UnityEditor.WebGL.Extensions.dll
Register platform support module: C:/Program Files/Unity/Hub/Editor/6000.1.15f1/Editor/Data/PlaybackEngines/WindowsStandaloneSupport/UnityEditor.WindowsStandalone.Extensions.dll
Registered in 0.431836 seconds.
- Loaded All Assemblies, in 14.122 seconds
Native extension for WindowsStandalone target not found
Native extension for WebGL target not found
Mono: successfully reloaded assembly
- Finished resetting the current domain, in  0.516 seconds
Domain Reload Profiling: 14636ms
	BeginReloadAssembly (10984ms)
		ExecutionOrderSort (0ms)
		DisableScriptedObjects (0ms)
		BackupInstance (0ms)
		ReleaseScriptingObjects (0ms)
		CreateAndSetChildDomain (7ms)
	RebuildCommonClasses (643ms)
	RebuildNativeTypeToScriptingClass (15ms)
	initialDomainReloadingComplete (499ms)
	LoadAllAssembliesAndSetupDomain (1978ms)
		LoadAssemblies (10970ms)
		RebuildTransferFunctionScriptingTraits (0ms)
		AnalyzeDomain (1965ms)
			TypeCache.Refresh (1962ms)
				TypeCache.ScanAssembly (1603ms)
			BuildScriptInfoCaches (0ms)
			ResolveRequiredComponents (1ms)
	FinalizeReload (517ms)
		ReleaseScriptCaches (0ms)
		RebuildScriptCaches (0ms)
		SetupLoadedEditorAssemblies (445ms)
			LogAssemblyErrors (0ms)
			InitializePlatformSupportModulesInManaged (74ms)
			SetLoadedEditorAssemblies (4ms)
			BeforeProcessingInitializeOnLoad (76ms)
			ProcessInitializeOnLoadAttributes (185ms)
			ProcessInitializeOnLoadMethodAttributes (105ms)
			AfterProcessingInitializeOnLoad (0ms)
			EditorAssembliesLoaded (0ms)
		ExecutionOrderSort2 (0ms)
		AwakeInstancesAfterBackupRestoration (0ms)
========================================================================
Worker process is ready to serve import requests
Import Worker Mode flag is 0x00
Begin MonoManager ReloadAssembly
- Loaded All Assemblies, in 13.485 seconds
Refreshing native plugins compatible for Editor in 4.66 ms, found 4 plugins.
Native extension for WindowsStandalone target not found
Native extension for WebGL target not found
Mono: successfully reloaded assembly
- Finished resetting the current domain, in  1.526 seconds
Domain Reload Profiling: 15004ms
	BeginReloadAssembly (215ms)
		ExecutionOrderSort (0ms)
		DisableScriptedObjects (8ms)
		BackupInstance (0ms)
		ReleaseScriptingObjects (0ms)
		CreateAndSetChildDomain (33ms)
	RebuildCommonClasses (45ms)
	RebuildNativeTypeToScriptingClass (14ms)
	initialDomainReloadingComplete (49ms)
	LoadAllAssembliesAndSetupDomain (13153ms)
		LoadAssemblies (12406ms)
		RebuildTransferFunctionScriptingTraits (0ms)
		AnalyzeDomain (865ms)
			TypeCache.Refresh (719ms)
				TypeCache.ScanAssembly (698ms)
			BuildScriptInfoCaches (126ms)
			ResolveRequiredComponents (15ms)
	FinalizeReload (1527ms)
		ReleaseScriptCaches (0ms)
		RebuildScriptCaches (0ms)
		SetupLoadedEditorAssemblies (1283ms)
			LogAssemblyErrors (0ms)
			InitializePlatformSupportModulesInManaged (3ms)
			SetLoadedEditorAssemblies (5ms)
			BeforeProcessingInitializeOnLoad (250ms)
			ProcessInitializeOnLoadAttributes (835ms)
			ProcessInitializeOnLoadMethodAttributes (180ms)
			AfterProcessingInitializeOnLoad (10ms)
			EditorAssembliesLoaded (0ms)
		ExecutionOrderSort2 (0ms)
		AwakeInstancesAfterBackupRestoration (10ms)
Launched and connected shader compiler UnityShaderCompiler.exe after 0.03 seconds
Refreshing native plugins compatible for Editor in 4.63 ms, found 4 plugins.
Preloading 0 native plugins for Editor in 0.00 ms.
Unloading 32 Unused Serialized files (Serialized files now loaded: 0)
Unloading 6776 unused Assets / (7.3 MB). Loaded Objects now: 7471.
Memory consumption went from 145.8 MB to 138.5 MB.
Total: 19.530400 ms (FindLiveObjects: 2.340100 ms CreateObjectMapping: 1.809800 ms MarkObjects: 9.895100 ms  DeleteObjects: 5.483100 ms)

========================================================================
Received Prepare
Begin MonoManager ReloadAssembly
- Loaded All Assemblies, in  1.548 seconds
Refreshing native plugins compatible for Editor in 8.55 ms, found 4 plugins.
Native extension for WindowsStandalone target not found
Native extension for WebGL target not found
Mono: successfully reloaded assembly
- Finished resetting the current domain, in  1.618 seconds
Domain Reload Profiling: 3169ms
	BeginReloadAssembly (341ms)
		ExecutionOrderSort (0ms)
		DisableScriptedObjects (21ms)
		BackupInstance (0ms)
		ReleaseScriptingObjects (0ms)
		CreateAndSetChildDomain (77ms)
	RebuildCommonClasses (66ms)
	RebuildNativeTypeToScriptingClass (33ms)
	initialDomainReloadingComplete (77ms)
	LoadAllAssembliesAndSetupDomain (1033ms)
		LoadAssemblies (681ms)
		RebuildTransferFunctionScriptingTraits (0ms)
		AnalyzeDomain (496ms)
			TypeCache.Refresh (11ms)
				TypeCache.ScanAssembly (0ms)
			BuildScriptInfoCaches (414ms)
			ResolveRequiredComponents (57ms)
	FinalizeReload (1619ms)
		ReleaseScriptCaches (0ms)
		RebuildScriptCaches (0ms)
		SetupLoadedEditorAssemblies (1242ms)
			LogAssemblyErrors (0ms)
			InitializePlatformSupportModulesInManaged (5ms)
			SetLoadedEditorAssemblies (7ms)
			BeforeProcessingInitializeOnLoad (263ms)
			ProcessInitializeOnLoadAttributes (880ms)
			ProcessInitializeOnLoadMethodAttributes (77ms)
			AfterProcessingInitializeOnLoad (11ms)
			EditorAssembliesLoaded (0ms)
		ExecutionOrderSort2 (0ms)
		AwakeInstancesAfterBackupRestoration (20ms)
Refreshing native plugins compatible for Editor in 7.29 ms, found 4 plugins.
Preloading 0 native plugins for Editor in 0.00 ms.
Unloading 31 Unused Serialized files (Serialized files now loaded: 0)
Unloading 6774 unused Assets / (6.5 MB). Loaded Objects now: 7475.
Memory consumption went from 148.9 MB to 142.5 MB.
Total: 43.841800 ms (FindLiveObjects: 4.310900 ms CreateObjectMapping: 3.547100 ms MarkObjects: 22.392100 ms  DeleteObjects: 13.586800 ms)

Prepare: number of updated asset objects reloaded= 0
========================================================================
Received Import Request.
  Time since last request: 15743.208326 seconds.
  path: Assets/Characters/Lux/char selection/char selection_1.png
  artifactKey: Guid(db54ff1195093af41a1f7ef4f9e3ca85) Importer(815301076,1909f56bfc062723c751e8b465ee728b)
Start importing Assets/Characters/Lux/char selection/char selection_1.png using Guid(db54ff1195093af41a1f7ef4f9e3ca85) Importer(815301076,1909f56bfc062723c751e8b465ee728b) (PreviewImporter) -> (artifact id: '91ca7d39dc8fd85eb756940cf68bb3d8') in 0.4709795 seconds
Number of updated asset objects reloaded before import = 0Number of asset objects unloaded after import = 3

========================================================================
Received Import Request.
  Time since last request: 0.000046 seconds.
  path: Assets/Characters/Lux/kick/kick_1.png
  artifactKey: Guid(5ae42918500dbec4e8453d95691e3163) Importer(815301076,1909f56bfc062723c751e8b465ee728b)
Start importing Assets/Characters/Lux/kick/kick_1.png using Guid(5ae42918500dbec4e8453d95691e3163) Importer(815301076,1909f56bfc062723c751e8b465ee728b) (PreviewImporter) -> (artifact id: '4d119b7275873a14b6a8eb10c9c69109') in 0.0437201 seconds
Number of updated asset objects reloaded before import = 0Number of asset objects unloaded after import = 3

========================================================================
Received Import Request.
  Time since last request: 24.678686 seconds.
  path: Assets/Characters/Flare/Flare.renderTexture
  artifactKey: Guid(17113ffa2ad82b1488367c337e3045a7) Importer(815301076,1909f56bfc062723c751e8b465ee728b)
Start importing Assets/Characters/Flare/Flare.renderTexture using Guid(17113ffa2ad82b1488367c337e3045a7) Importer(815301076,1909f56bfc062723c751e8b465ee728b) (PreviewImporter) -> (artifact id: 'c9dca3f4d97987997fe6fe113813f8e0') in 0.5036901 seconds
Number of updated asset objects reloaded before import = 0Number of asset objects unloaded after import = 2

========================================================================
Received Import Request.
  Time since last request: 63.099176 seconds.
  path: Assets/Characters/Flare/CharSel.asset
  artifactKey: Guid(1a1b4bb4dd735744e98102c56c756d7a) Importer(815301076,1909f56bfc062723c751e8b465ee728b)
Start importing Assets/Characters/Flare/CharSel.asset using Guid(1a1b4bb4dd735744e98102c56c756d7a) Importer(815301076,1909f56bfc062723c751e8b465ee728b) (PreviewImporter) -> (artifact id: 'fb3822ca62c34115e2182d44b8861c84') in 0.0153575 seconds
Number of updated asset objects reloaded before import = 0Number of asset objects unloaded after import = 1

========================================================================
Received Import Request.
  Time since last request: 7.905669 seconds.
  path: Assets/Characters/Aqua/Aqua.renderTexture
  artifactKey: Guid(8579b73de834331419d3c9d7ba03f52a) Importer(815301076,1909f56bfc062723c751e8b465ee728b)
Start importing Assets/Characters/Aqua/Aqua.renderTexture using Guid(8579b73de834331419d3c9d7ba03f52a) Importer(815301076,1909f56bfc062723c751e8b465ee728b) (PreviewImporter) -> (artifact id: 'f8304d0854ff6275db6b18088648db0b') in 0.014382 seconds
Number of updated asset objects reloaded before import = 0Number of asset objects unloaded after import = 2

========================================================================
Received Import Request.
  Time since last request: 18.294928 seconds.
  path: Assets/Characters/Aqua/Charsel.asset
  artifactKey: Guid(2c7d3dfea13734b4b858d1af8577d4f9) Importer(815301076,1909f56bfc062723c751e8b465ee728b)
Start importing Assets/Characters/Aqua/Charsel.asset using Guid(2c7d3dfea13734b4b858d1af8577d4f9) Importer(815301076,1909f56bfc062723c751e8b465ee728b) (PreviewImporter) -> (artifact id: 'aefc572f80d470ba4e71269ec992dea0') in 0.0027402 seconds
Number of updated asset objects reloaded before import = 0Number of asset objects unloaded after import = 1

========================================================================
Received Prepare
Refreshing native plugins compatible for Editor in 6.32 ms, found 4 plugins.
Preloading 0 native plugins for Editor in 0.00 ms.
Unloading 31 Unused Serialized files (Serialized files now loaded: 0)
Unloading 6763 unused Assets / (6.5 MB). Loaded Objects now: 7485.
Memory consumption went from 154.6 MB to 148.1 MB.
Total: 528.118400 ms (FindLiveObjects: 8.481600 ms CreateObjectMapping: 2.217900 ms MarkObjects: 509.937600 ms  DeleteObjects: 7.476800 ms)

Prepare: number of updated asset objects reloaded= 0
========================================================================
Received Prepare
Refreshing native plugins compatible for Editor in 3.46 ms, found 4 plugins.
Preloading 0 native plugins for Editor in 0.00 ms.
Unloading 31 Unused Serialized files (Serialized files now loaded: 0)
Unloading 6763 unused Assets / (7.0 MB). Loaded Objects now: 7485.
Memory consumption went from 156.8 MB to 149.8 MB.
Total: 19.783600 ms (FindLiveObjects: 1.226700 ms CreateObjectMapping: 1.746900 ms MarkObjects: 10.258000 ms  DeleteObjects: 6.550200 ms)

Prepare: number of updated asset objects reloaded= 0
========================================================================
Received Prepare
Refreshing native plugins compatible for Editor in 5.89 ms, found 4 plugins.
Preloading 0 native plugins for Editor in 0.00 ms.
Unloading 31 Unused Serialized files (Serialized files now loaded: 0)
Unloading 6763 unused Assets / (6.6 MB). Loaded Objects now: 7485.
Memory consumption went from 159.0 MB to 152.4 MB.
Total: 58.950800 ms (FindLiveObjects: 2.997300 ms CreateObjectMapping: 2.194200 ms MarkObjects: 46.135800 ms  DeleteObjects: 7.619900 ms)

Prepare: number of updated asset objects reloaded= 0
========================================================================
Received Prepare
Refreshing native plugins compatible for Editor in 4.30 ms, found 4 plugins.
Preloading 0 native plugins for Editor in 0.00 ms.
Unloading 31 Unused Serialized files (Serialized files now loaded: 0)
Unloading 6763 unused Assets / (6.6 MB). Loaded Objects now: 7485.
Memory consumption went from 161.2 MB to 154.6 MB.
Total: 29.028900 ms (FindLiveObjects: 1.466500 ms CreateObjectMapping: 3.575700 ms MarkObjects: 14.872100 ms  DeleteObjects: 9.108100 ms)

Prepare: number of updated asset objects reloaded= 0
========================================================================
Received Prepare
Begin MonoManager ReloadAssembly
- Loaded All Assemblies, in  5.724 seconds
Refreshing native plugins compatible for Editor in 10.95 ms, found 4 plugins.
Native extension for WindowsStandalone target not found
Native extension for WebGL target not found
Mono: successfully reloaded assembly
- Finished resetting the current domain, in  1.850 seconds
Domain Reload Profiling: 7572ms
	BeginReloadAssembly (2624ms)
		ExecutionOrderSort (0ms)
		DisableScriptedObjects (582ms)
		BackupInstance (0ms)
		ReleaseScriptingObjects (3ms)
		CreateAndSetChildDomain (891ms)
	RebuildCommonClasses (82ms)
	RebuildNativeTypeToScriptingClass (20ms)
	initialDomainReloadingComplete (123ms)
	LoadAllAssembliesAndSetupDomain (2872ms)
		LoadAssemblies (2736ms)
		RebuildTransferFunctionScriptingTraits (0ms)
		AnalyzeDomain (714ms)
			TypeCache.Refresh (99ms)
				TypeCache.ScanAssembly (4ms)
			BuildScriptInfoCaches (521ms)
			ResolveRequiredComponents (55ms)
	FinalizeReload (1851ms)
		ReleaseScriptCaches (0ms)
		RebuildScriptCaches (0ms)
		SetupLoadedEditorAssemblies (1458ms)
			LogAssemblyErrors (0ms)
			InitializePlatformSupportModulesInManaged (10ms)
			SetLoadedEditorAssemblies (7ms)
			BeforeProcessingInitializeOnLoad (377ms)
			ProcessInitializeOnLoadAttributes (968ms)
			ProcessInitializeOnLoadMethodAttributes (84ms)
			AfterProcessingInitializeOnLoad (12ms)
			EditorAssembliesLoaded (1ms)
		ExecutionOrderSort2 (0ms)
		AwakeInstancesAfterBackupRestoration (23ms)
Refreshing native plugins compatible for Editor in 3.27 ms, found 4 plugins.
Preloading 0 native plugins for Editor in 0.00 ms.
Unloading 31 Unused Serialized files (Serialized files now loaded: 0)
Unloading 6774 unused Assets / (6.5 MB). Loaded Objects now: 7487.
Memory consumption went from 162.9 MB to 156.5 MB.
Total: 18.736900 ms (FindLiveObjects: 1.661400 ms CreateObjectMapping: 1.750800 ms MarkObjects: 9.941500 ms  DeleteObjects: 5.379100 ms)

Prepare: number of updated asset objects reloaded= 0
========================================================================
Received Prepare
Begin MonoManager ReloadAssembly
- Loaded All Assemblies, in  4.769 seconds
Refreshing native plugins compatible for Editor in 5.89 ms, found 4 plugins.
Native extension for WindowsStandalone target not found
Native extension for WebGL target not found
Mono: successfully reloaded assembly
- Finished resetting the current domain, in  1.521 seconds
Domain Reload Profiling: 6207ms
	BeginReloadAssembly (1190ms)
		ExecutionOrderSort (0ms)
		DisableScriptedObjects (91ms)
		BackupInstance (0ms)
		ReleaseScriptingObjects (1ms)
		CreateAndSetChildDomain (377ms)
	RebuildCommonClasses (167ms)
	RebuildNativeTypeToScriptingClass (28ms)
	initialDomainReloadingComplete (126ms)
	LoadAllAssembliesAndSetupDomain (3174ms)
		LoadAssemblies (3027ms)
		RebuildTransferFunctionScriptingTraits (0ms)
		AnalyzeDomain (684ms)
			TypeCache.Refresh (78ms)
				TypeCache.ScanAssembly (3ms)
			BuildScriptInfoCaches (565ms)
			ResolveRequiredComponents (24ms)
	FinalizeReload (1521ms)
		ReleaseScriptCaches (0ms)
		RebuildScriptCaches (0ms)
		SetupLoadedEditorAssemblies (1265ms)
			LogAssemblyErrors (0ms)
			InitializePlatformSupportModulesInManaged (5ms)
			SetLoadedEditorAssemblies (5ms)
			BeforeProcessingInitializeOnLoad (291ms)
			ProcessInitializeOnLoadAttributes (845ms)
			ProcessInitializeOnLoadMethodAttributes (107ms)
			AfterProcessingInitializeOnLoad (11ms)
			EditorAssembliesLoaded (1ms)
		ExecutionOrderSort2 (0ms)
		AwakeInstancesAfterBackupRestoration (21ms)
Refreshing native plugins compatible for Editor in 3.74 ms, found 4 plugins.
Preloading 0 native plugins for Editor in 0.00 ms.
Unloading 31 Unused Serialized files (Serialized files now loaded: 0)
Unloading 6774 unused Assets / (6.5 MB). Loaded Objects now: 7490.
Memory consumption went from 165.2 MB to 158.7 MB.
Total: 27.436900 ms (FindLiveObjects: 2.663300 ms CreateObjectMapping: 2.039800 ms MarkObjects: 15.253500 ms  DeleteObjects: 7.476300 ms)

Prepare: number of updated asset objects reloaded= 0
========================================================================
Received Import Request.
  Time since last request: 653.353766 seconds.
  path: Assets/Characters/Lux/attack/attack_14.png
  artifactKey: Guid(c518a98333dc7b44c8946d3b2323e5bf) Importer(815301076,1909f56bfc062723c751e8b465ee728b)
Start importing Assets/Characters/Lux/attack/attack_14.png using Guid(c518a98333dc7b44c8946d3b2323e5bf) Importer(815301076,1909f56bfc062723c751e8b465ee728b) (PreviewImporter) -> (artifact id: 'a63f31cb4ef4f6f68c51d166958ba31b') in 0.5977196 seconds
Number of updated asset objects reloaded before import = 0Number of asset objects unloaded after import = 3

========================================================================
Received Import Request.
  Time since last request: 0.000096 seconds.
  path: Assets/Characters/Lux/attack/attack_30.png
  artifactKey: Guid(896b1f67d4385ac4d9c4a75be667a399) Importer(815301076,1909f56bfc062723c751e8b465ee728b)
Start importing Assets/Characters/Lux/attack/attack_30.png using Guid(896b1f67d4385ac4d9c4a75be667a399) Importer(815301076,1909f56bfc062723c751e8b465ee728b) (PreviewImporter) -> (artifact id: '30525529faa36f4d2bf5d4b275368218') in 0.044077 seconds
Number of updated asset objects reloaded before import = 0Number of asset objects unloaded after import = 3

========================================================================
Received Import Request.
  Time since last request: 0.000041 seconds.
  path: Assets/Characters/Lux/attack/attack_41.png
  artifactKey: Guid(5cba3391da0c2534ab875d276c8a3087) Importer(815301076,1909f56bfc062723c751e8b465ee728b)
Start importing Assets/Characters/Lux/attack/attack_41.png using Guid(5cba3391da0c2534ab875d276c8a3087) Importer(815301076,1909f56bfc062723c751e8b465ee728b) (PreviewImporter) -> (artifact id: '3dead6771f21f49b8c76ae13fc044b71') in 0.0419067 seconds
Number of updated asset objects reloaded before import = 0Number of asset objects unloaded after import = 3

========================================================================
Received Import Request.
  Time since last request: 0.000028 seconds.
  path: Assets/Characters/Lux/attack/attack_21.png
  artifactKey: Guid(7568f25a2d85fdb4c89ada866f784286) Importer(815301076,1909f56bfc062723c751e8b465ee728b)
Start importing Assets/Characters/Lux/attack/attack_21.png using Guid(7568f25a2d85fdb4c89ada866f784286) Importer(815301076,1909f56bfc062723c751e8b465ee728b) (PreviewImporter) -> (artifact id: '85fe7ba74632efbbcc975a8a693d4da2') in 0.0433278 seconds
Number of updated asset objects reloaded before import = 0Number of asset objects unloaded after import = 3

========================================================================
Received Import Request.
  Time since last request: 0.000209 seconds.
  path: Assets/Characters/Lux/attack/attack_49.png
  artifactKey: Guid(1f5948cdb487dc34f9a0e8a35070af94) Importer(815301076,1909f56bfc062723c751e8b465ee728b)
Start importing Assets/Characters/Lux/attack/attack_49.png using Guid(1f5948cdb487dc34f9a0e8a35070af94) Importer(815301076,1909f56bfc062723c751e8b465ee728b) (PreviewImporter) -> (artifact id: 'eaaec48b84a0038892a8a0f805d915c1') in 0.0431212 seconds
Number of updated asset objects reloaded before import = 0Number of asset objects unloaded after import = 3

========================================================================
Received Import Request.
  Time since last request: 0.000044 seconds.
  path: Assets/Characters/Lux/attack/attack_42.png
  artifactKey: Guid(a1bb25e5d112d5340a0bd607789c8e97) Importer(815301076,1909f56bfc062723c751e8b465ee728b)
Start importing Assets/Characters/Lux/attack/attack_42.png using Guid(a1bb25e5d112d5340a0bd607789c8e97) Importer(815301076,1909f56bfc062723c751e8b465ee728b) (PreviewImporter) -> (artifact id: '93963c051cabbe6dee90c302233e731b') in 0.0651232 seconds
Number of updated asset objects reloaded before import = 0Number of asset objects unloaded after import = 3

========================================================================
Received Import Request.
  Time since last request: 0.000161 seconds.
  path: Assets/Characters/Lux/attack/attack_53.png
  artifactKey: Guid(1c092edf0a0892a47bc9d89264cce4ed) Importer(815301076,1909f56bfc062723c751e8b465ee728b)
Start importing Assets/Characters/Lux/attack/attack_53.png using Guid(1c092edf0a0892a47bc9d89264cce4ed) Importer(815301076,1909f56bfc062723c751e8b465ee728b) (PreviewImporter) -> (artifact id: 'c112aa9a758361408eac856b0bd39570') in 0.0412188 seconds
Number of updated asset objects reloaded before import = 0Number of asset objects unloaded after import = 3

========================================================================
Received Import Request.
  Time since last request: 0.000037 seconds.
  path: Assets/Characters/Lux/attack/attack_19.png
  artifactKey: Guid(eff4b9bf9af6bb54b93e7e81b20b4ef9) Importer(815301076,1909f56bfc062723c751e8b465ee728b)
Start importing Assets/Characters/Lux/attack/attack_19.png using Guid(eff4b9bf9af6bb54b93e7e81b20b4ef9) Importer(815301076,1909f56bfc062723c751e8b465ee728b) (PreviewImporter) -> (artifact id: 'eee825497b1c4e2ce868d34d01b716b5') in 0.0496527 seconds
Number of updated asset objects reloaded before import = 0Number of asset objects unloaded after import = 3

========================================================================
Received Import Request.
  Time since last request: 0.000046 seconds.
  path: Assets/Characters/Lux/attack/attack_36.png
  artifactKey: Guid(99a21d290945c7c4686e260057ea0b5b) Importer(815301076,1909f56bfc062723c751e8b465ee728b)
Start importing Assets/Characters/Lux/attack/attack_36.png using Guid(99a21d290945c7c4686e260057ea0b5b) Importer(815301076,1909f56bfc062723c751e8b465ee728b) (PreviewImporter) -> (artifact id: 'b36ffd662306ad4ad243d7980a0e3edc') in 0.0369716 seconds
Number of updated asset objects reloaded before import = 0Number of asset objects unloaded after import = 3

========================================================================
Received Import Request.
  Time since last request: 0.000066 seconds.
  path: Assets/Characters/Lux/attack/attack_23.png
  artifactKey: Guid(8a9e5de5b3e9eeb4d8d88329eadbae3d) Importer(815301076,1909f56bfc062723c751e8b465ee728b)
Start importing Assets/Characters/Lux/attack/attack_23.png using Guid(8a9e5de5b3e9eeb4d8d88329eadbae3d) Importer(815301076,1909f56bfc062723c751e8b465ee728b) (PreviewImporter) -> (artifact id: 'e1c3289dc5b138cad9d78c09620dc1ff') in 0.0802755 seconds
Number of updated asset objects reloaded before import = 0Number of asset objects unloaded after import = 3

========================================================================
Received Import Request.
  Time since last request: 0.000081 seconds.
  path: Assets/Characters/Lux/attack/attack_73.png
  artifactKey: Guid(90b5e40974bf77b4697dedab670ca899) Importer(815301076,1909f56bfc062723c751e8b465ee728b)
Start importing Assets/Characters/Lux/attack/attack_73.png using Guid(90b5e40974bf77b4697dedab670ca899) Importer(815301076,1909f56bfc062723c751e8b465ee728b) (PreviewImporter) -> (artifact id: '01c3edd10475865af9e0c793c19ffdb7') in 0.0662169 seconds
Number of updated asset objects reloaded before import = 0Number of asset objects unloaded after import = 3

========================================================================
Received Import Request.
  Time since last request: 0.000066 seconds.
  path: Assets/Characters/Lux/attack/attack_22.png
  artifactKey: Guid(4682811d8dbd0544e95001eae91aefb8) Importer(815301076,1909f56bfc062723c751e8b465ee728b)
Start importing Assets/Characters/Lux/attack/attack_22.png using Guid(4682811d8dbd0544e95001eae91aefb8) Importer(815301076,1909f56bfc062723c751e8b465ee728b) (PreviewImporter) -> (artifact id: 'fccfbb749b49b42617c08a7c2f4a1c1d') in 0.0430428 seconds
Number of updated asset objects reloaded before import = 0Number of asset objects unloaded after import = 3

========================================================================
Received Import Request.
  Time since last request: 0.000043 seconds.
  path: Assets/Characters/Lux/attack/attack_75.png
  artifactKey: Guid(7cffdc886239e9441a0f50a08f2425d1) Importer(815301076,1909f56bfc062723c751e8b465ee728b)
Start importing Assets/Characters/Lux/attack/attack_75.png using Guid(7cffdc886239e9441a0f50a08f2425d1) Importer(815301076,1909f56bfc062723c751e8b465ee728b) (PreviewImporter) -> (artifact id: 'e5028dc072cfa5ac51fdb954c9efb7e7') in 0.0445328 seconds
Number of updated asset objects reloaded before import = 0Number of asset objects unloaded after import = 3

========================================================================
Received Import Request.
  Time since last request: 0.000031 seconds.
  path: Assets/Characters/Lux/attack/attack_28.png
  artifactKey: Guid(1f48a1e05848d6a4ead8ee3e7165d6f1) Importer(815301076,1909f56bfc062723c751e8b465ee728b)
Start importing Assets/Characters/Lux/attack/attack_28.png using Guid(1f48a1e05848d6a4ead8ee3e7165d6f1) Importer(815301076,1909f56bfc062723c751e8b465ee728b) (PreviewImporter) -> (artifact id: '932b77b60a5bfaf7c1e31b613969dd99') in 0.0328829 seconds
Number of updated asset objects reloaded before import = 0Number of asset objects unloaded after import = 3

========================================================================
Received Import Request.
  Time since last request: 0.000039 seconds.
  path: Assets/Characters/Lux/attack/attack_87.png
  artifactKey: Guid(37ad822a5fa3fd541ab5865bfbc468dc) Importer(815301076,1909f56bfc062723c751e8b465ee728b)
Start importing Assets/Characters/Lux/attack/attack_87.png using Guid(37ad822a5fa3fd541ab5865bfbc468dc) Importer(815301076,1909f56bfc062723c751e8b465ee728b) (PreviewImporter) -> (artifact id: '98af6f8add298e84cabee5ac6f29bbb3') in 0.0432411 seconds
Number of updated asset objects reloaded before import = 0Number of asset objects unloaded after import = 3

========================================================================
Received Import Request.
  Time since last request: 0.000132 seconds.
  path: Assets/Characters/Lux/attack/attack_51.png
  artifactKey: Guid(197291650b9e3cf448cb8cfac06cdaa7) Importer(815301076,1909f56bfc062723c751e8b465ee728b)
Start importing Assets/Characters/Lux/attack/attack_51.png using Guid(197291650b9e3cf448cb8cfac06cdaa7) Importer(815301076,1909f56bfc062723c751e8b465ee728b) (PreviewImporter) -> (artifact id: 'f29bf4fb25cf27f677bc5795c4d89cec') in 0.0597239 seconds
Number of updated asset objects reloaded before import = 0Number of asset objects unloaded after import = 3

========================================================================
Received Import Request.
  Time since last request: 0.000041 seconds.
  path: Assets/Characters/Lux/attack/attack_96.png
  artifactKey: Guid(39693b5ed6da23541a9e159bc1866d6a) Importer(815301076,1909f56bfc062723c751e8b465ee728b)
Start importing Assets/Characters/Lux/attack/attack_96.png using Guid(39693b5ed6da23541a9e159bc1866d6a) Importer(815301076,1909f56bfc062723c751e8b465ee728b) (PreviewImporter) -> (artifact id: '7333b0c273d7c2a83d8ce21ff7b59402') in 0.04548 seconds
Number of updated asset objects reloaded before import = 0Number of asset objects unloaded after import = 3

========================================================================
Received Import Request.
  Time since last request: 0.000100 seconds.
  path: Assets/Characters/Lux/attack/attack_102.png
  artifactKey: Guid(022ee5cc7ee8b8b489d92d59dc709f5a) Importer(815301076,1909f56bfc062723c751e8b465ee728b)
Start importing Assets/Characters/Lux/attack/attack_102.png using Guid(022ee5cc7ee8b8b489d92d59dc709f5a) Importer(815301076,1909f56bfc062723c751e8b465ee728b) (PreviewImporter) -> (artifact id: '06626e963666a4d4aefc6953e5429507') in 0.0526217 seconds
Number of updated asset objects reloaded before import = 0Number of asset objects unloaded after import = 3

========================================================================
Received Import Request.
  Time since last request: 0.000029 seconds.
  path: Assets/Characters/Lux/attack/attack_103.png
  artifactKey: Guid(9e4e94d44be1d2e419b56c35c384fdeb) Importer(815301076,1909f56bfc062723c751e8b465ee728b)
Start importing Assets/Characters/Lux/attack/attack_103.png using Guid(9e4e94d44be1d2e419b56c35c384fdeb) Importer(815301076,1909f56bfc062723c751e8b465ee728b) (PreviewImporter) -> (artifact id: 'a235a45a083f074222c06c0e81496dcd') in 0.0412752 seconds
Number of updated asset objects reloaded before import = 0Number of asset objects unloaded after import = 3

========================================================================
Received Import Request.
  Time since last request: 0.000035 seconds.
  path: Assets/Characters/Lux/attack/attack_56.png
  artifactKey: Guid(4dd813c5c9432814d87d37dc11dd7e65) Importer(815301076,1909f56bfc062723c751e8b465ee728b)
Start importing Assets/Characters/Lux/attack/attack_56.png using Guid(4dd813c5c9432814d87d37dc11dd7e65) Importer(815301076,1909f56bfc062723c751e8b465ee728b) (PreviewImporter) -> (artifact id: '207a7d5d419d1fe8120eec45c5cd30ae') in 0.0459398 seconds
Number of updated asset objects reloaded before import = 0Number of asset objects unloaded after import = 3

========================================================================
Received Import Request.
  Time since last request: 0.000477 seconds.
  path: Assets/Characters/Lux/attack/attack_58.png
  artifactKey: Guid(450e733965e3ed546a206cf0fcb3c9d1) Importer(815301076,1909f56bfc062723c751e8b465ee728b)
Start importing Assets/Characters/Lux/attack/attack_58.png using Guid(450e733965e3ed546a206cf0fcb3c9d1) Importer(815301076,1909f56bfc062723c751e8b465ee728b) (PreviewImporter) -> (artifact id: '9fd9bb1f4bdd10e2c4904fbbc714318d') in 0.0775568 seconds
Number of updated asset objects reloaded before import = 0Number of asset objects unloaded after import = 3

========================================================================
Received Import Request.
  Time since last request: 0.000063 seconds.
  path: Assets/Characters/Lux/attack/attack_90.png
  artifactKey: Guid(0baae5b71ed6c294f820aacd29859db2) Importer(815301076,1909f56bfc062723c751e8b465ee728b)
Start importing Assets/Characters/Lux/attack/attack_90.png using Guid(0baae5b71ed6c294f820aacd29859db2) Importer(815301076,1909f56bfc062723c751e8b465ee728b) (PreviewImporter) -> (artifact id: '1de8399b272013fb4e9f75708de44fff') in 0.0598712 seconds
Number of updated asset objects reloaded before import = 0Number of asset objects unloaded after import = 3

========================================================================
Received Import Request.
  Time since last request: 0.000078 seconds.
  path: Assets/Characters/Lux/attack/attack_85.png
  artifactKey: Guid(58b93a497906d33459c4b25dc5c616c8) Importer(815301076,1909f56bfc062723c751e8b465ee728b)
Start importing Assets/Characters/Lux/attack/attack_85.png using Guid(58b93a497906d33459c4b25dc5c616c8) Importer(815301076,1909f56bfc062723c751e8b465ee728b) (PreviewImporter) -> (artifact id: '4b005aa2c3a793743b850704b8f6900f') in 0.0518787 seconds
Number of updated asset objects reloaded before import = 0Number of asset objects unloaded after import = 3

========================================================================
Received Import Request.
  Time since last request: 0.000046 seconds.
  path: Assets/Characters/Lux/attack/attack_39.png
  artifactKey: Guid(5b3934ca5e37329468c5d6b61a98358e) Importer(815301076,1909f56bfc062723c751e8b465ee728b)
Start importing Assets/Characters/Lux/attack/attack_39.png using Guid(5b3934ca5e37329468c5d6b61a98358e) Importer(815301076,1909f56bfc062723c751e8b465ee728b) (PreviewImporter) -> (artifact id: 'dc5386bba76f2c514f1e97757f7ddca1') in 0.0422522 seconds
Number of updated asset objects reloaded before import = 0Number of asset objects unloaded after import = 3

========================================================================
Received Import Request.
  Time since last request: 0.000100 seconds.
  path: Assets/Characters/Lux/attack/attack_47.png
  artifactKey: Guid(f51def38a51169d4aa0d56256c0ef970) Importer(815301076,1909f56bfc062723c751e8b465ee728b)
Start importing Assets/Characters/Lux/attack/attack_47.png using Guid(f51def38a51169d4aa0d56256c0ef970) Importer(815301076,1909f56bfc062723c751e8b465ee728b) (PreviewImporter) -> (artifact id: '4aa068a110f279e96aeaf2dfda5aa6eb') in 0.0559689 seconds
Number of updated asset objects reloaded before import = 0Number of asset objects unloaded after import = 3

========================================================================
Received Import Request.
  Time since last request: 0.000074 seconds.
  path: Assets/Characters/Lux/attack/attack_50.png
  artifactKey: Guid(a90abe8da3abfed4294613d1fd18bd7d) Importer(815301076,1909f56bfc062723c751e8b465ee728b)
Start importing Assets/Characters/Lux/attack/attack_50.png using Guid(a90abe8da3abfed4294613d1fd18bd7d) Importer(815301076,1909f56bfc062723c751e8b465ee728b) (PreviewImporter) -> (artifact id: '021fb8d9c5ff4a1822841c1bc1dff634') in 0.0793359 seconds
Number of updated asset objects reloaded before import = 0Number of asset objects unloaded after import = 3

========================================================================
Received Import Request.
  Time since last request: 0.000043 seconds.
  path: Assets/Characters/Lux/attack/attack_92.png
  artifactKey: Guid(001bd7dc307027940a8b73ca1f545aff) Importer(815301076,1909f56bfc062723c751e8b465ee728b)
Start importing Assets/Characters/Lux/attack/attack_92.png using Guid(001bd7dc307027940a8b73ca1f545aff) Importer(815301076,1909f56bfc062723c751e8b465ee728b) (PreviewImporter) -> (artifact id: 'fd6a0561070b12d656a5196b29b48d99') in 0.0446148 seconds
Number of updated asset objects reloaded before import = 0Number of asset objects unloaded after import = 3

========================================================================
Received Import Request.
  Time since last request: 0.000458 seconds.
  path: Assets/Characters/Lux/attack/attack_66.png
  artifactKey: Guid(c2824f232ea8d004c84985a7c9d9e7eb) Importer(815301076,1909f56bfc062723c751e8b465ee728b)
Start importing Assets/Characters/Lux/attack/attack_66.png using Guid(c2824f232ea8d004c84985a7c9d9e7eb) Importer(815301076,1909f56bfc062723c751e8b465ee728b) (PreviewImporter) -> (artifact id: '2ac04d5c6b4ed7ba76660d8cddb7168a') in 0.055484 seconds
Number of updated asset objects reloaded before import = 0Number of asset objects unloaded after import = 3

========================================================================
Received Import Request.
  Time since last request: 0.000033 seconds.
  path: Assets/Characters/Lux/attack/attack_33.png
  artifactKey: Guid(a05b1aa82b818a446ac04f80228b8a87) Importer(815301076,1909f56bfc062723c751e8b465ee728b)
Start importing Assets/Characters/Lux/attack/attack_33.png using Guid(a05b1aa82b818a446ac04f80228b8a87) Importer(815301076,1909f56bfc062723c751e8b465ee728b) (PreviewImporter) -> (artifact id: '75e0ef93a9951fc3f8d6454fe1c5f88b') in 0.0486556 seconds
Number of updated asset objects reloaded before import = 0Number of asset objects unloaded after import = 3

========================================================================
Received Import Request.
  Time since last request: 0.000041 seconds.
  path: Assets/Characters/Lux/attack/attack_79.png
  artifactKey: Guid(59e25ffa06b8e97429e29d6b36ab7ddd) Importer(815301076,1909f56bfc062723c751e8b465ee728b)
Start importing Assets/Characters/Lux/attack/attack_79.png using Guid(59e25ffa06b8e97429e29d6b36ab7ddd) Importer(815301076,1909f56bfc062723c751e8b465ee728b) (PreviewImporter) -> (artifact id: 'c1dece574423530cccec230cf7074d0e') in 0.0412848 seconds
Number of updated asset objects reloaded before import = 0Number of asset objects unloaded after import = 3

========================================================================
Received Import Request.
  Time since last request: 0.000036 seconds.
  path: Assets/Characters/Lux/attack/attack_57.png
  artifactKey: Guid(bbe587219d1390f4788bab6832d50d2b) Importer(815301076,1909f56bfc062723c751e8b465ee728b)
Start importing Assets/Characters/Lux/attack/attack_57.png using Guid(bbe587219d1390f4788bab6832d50d2b) Importer(815301076,1909f56bfc062723c751e8b465ee728b) (PreviewImporter) -> (artifact id: '7d75f7ab724820d756bcc47c4f7f991e') in 0.0483703 seconds
Number of updated asset objects reloaded before import = 0Number of asset objects unloaded after import = 3

========================================================================
Received Import Request.
  Time since last request: 0.000070 seconds.
  path: Assets/Characters/Lux/attack/attack_89.png
  artifactKey: Guid(4239ea19c0a59fc4f98cc01b39de3189) Importer(815301076,1909f56bfc062723c751e8b465ee728b)
Start importing Assets/Characters/Lux/attack/attack_89.png using Guid(4239ea19c0a59fc4f98cc01b39de3189) Importer(815301076,1909f56bfc062723c751e8b465ee728b) (PreviewImporter) -> (artifact id: '33fa4609bb7234d026f45e3e518f40cb') in 0.0442975 seconds
Number of updated asset objects reloaded before import = 0Number of asset objects unloaded after import = 3

========================================================================
Received Import Request.
  Time since last request: 0.000049 seconds.
  path: Assets/Characters/Lux/attack/attack_74.png
  artifactKey: Guid(9b5469ad92eae3d43a6c92f7032825d0) Importer(815301076,1909f56bfc062723c751e8b465ee728b)
Start importing Assets/Characters/Lux/attack/attack_74.png using Guid(9b5469ad92eae3d43a6c92f7032825d0) Importer(815301076,1909f56bfc062723c751e8b465ee728b) (PreviewImporter) -> (artifact id: 'b507961a430a070268d3b8b11e40353d') in 0.0438213 seconds
Number of updated asset objects reloaded before import = 0Number of asset objects unloaded after import = 3

========================================================================
Received Import Request.
  Time since last request: 0.000034 seconds.
  path: Assets/Characters/Lux/attack/attack_94.png
  artifactKey: Guid(88c496fc4fcc3ef40b5203e262fa39f5) Importer(815301076,1909f56bfc062723c751e8b465ee728b)
Start importing Assets/Characters/Lux/attack/attack_94.png using Guid(88c496fc4fcc3ef40b5203e262fa39f5) Importer(815301076,1909f56bfc062723c751e8b465ee728b) (PreviewImporter) -> (artifact id: '3ce1dd8f3179869933ea37cc77b6ac6f') in 0.0439566 seconds
Number of updated asset objects reloaded before import = 0Number of asset objects unloaded after import = 3

========================================================================
Received Import Request.
  Time since last request: 0.000037 seconds.
  path: Assets/Characters/Lux/attack/attack_32.png
  artifactKey: Guid(776a9e0594b322e4981b825178bf97d0) Importer(815301076,1909f56bfc062723c751e8b465ee728b)
Start importing Assets/Characters/Lux/attack/attack_32.png using Guid(776a9e0594b322e4981b825178bf97d0) Importer(815301076,1909f56bfc062723c751e8b465ee728b) (PreviewImporter) -> (artifact id: '45fd168d4bdf7dbd98ad722434d067e9') in 0.0383511 seconds
Number of updated asset objects reloaded before import = 0Number of asset objects unloaded after import = 3

========================================================================
Received Import Request.
  Time since last request: 0.000041 seconds.
  path: Assets/Characters/Lux/attack/attack_59.png
  artifactKey: Guid(f01907d15f9ea754bb5ab23a17066302) Importer(815301076,1909f56bfc062723c751e8b465ee728b)
Start importing Assets/Characters/Lux/attack/attack_59.png using Guid(f01907d15f9ea754bb5ab23a17066302) Importer(815301076,1909f56bfc062723c751e8b465ee728b) (PreviewImporter) -> (artifact id: 'a860f4e3bb32ed2c82ab43844ed099ab') in 0.0406956 seconds
Number of updated asset objects reloaded before import = 0Number of asset objects unloaded after import = 3

========================================================================
Received Import Request.
  Time since last request: 0.000024 seconds.
  path: Assets/Characters/Lux/attack/attack_46.png
  artifactKey: Guid(61177e51ebd7a814daf1633b648fe233) Importer(815301076,1909f56bfc062723c751e8b465ee728b)
Start importing Assets/Characters/Lux/attack/attack_46.png using Guid(61177e51ebd7a814daf1633b648fe233) Importer(815301076,1909f56bfc062723c751e8b465ee728b) (PreviewImporter) -> (artifact id: '152d92e15ee66bf7da30046173b0ee34') in 0.0332729 seconds
Number of updated asset objects reloaded before import = 0Number of asset objects unloaded after import = 3

========================================================================
Received Import Request.
  Time since last request: 0.000037 seconds.
  path: Assets/Characters/Lux/attack/attack_60.png
  artifactKey: Guid(c3c8c5d4037581441bceb3c0e7178330) Importer(815301076,1909f56bfc062723c751e8b465ee728b)
Start importing Assets/Characters/Lux/attack/attack_60.png using Guid(c3c8c5d4037581441bceb3c0e7178330) Importer(815301076,1909f56bfc062723c751e8b465ee728b) (PreviewImporter) -> (artifact id: 'cc25acbf513fcc9ca88a994cde255ede') in 0.0332332 seconds
Number of updated asset objects reloaded before import = 0Number of asset objects unloaded after import = 3

========================================================================
Received Import Request.
  Time since last request: 0.000087 seconds.
  path: Assets/Characters/Lux/attack/attack_70.png
  artifactKey: Guid(4f120c7d2e37efe43b3e881efcc974d1) Importer(815301076,1909f56bfc062723c751e8b465ee728b)
Start importing Assets/Characters/Lux/attack/attack_70.png using Guid(4f120c7d2e37efe43b3e881efcc974d1) Importer(815301076,1909f56bfc062723c751e8b465ee728b) (PreviewImporter) -> (artifact id: '5cec3976e4f016d07b9776577af2a7cc') in 0.0555732 seconds
Number of updated asset objects reloaded before import = 0Number of asset objects unloaded after import = 3

========================================================================
Received Import Request.
  Time since last request: 0.000034 seconds.
  path: Assets/Characters/Lux/attack/attack_77.png
  artifactKey: Guid(37d14ae1a79ed0f458b09133d1760dc4) Importer(815301076,1909f56bfc062723c751e8b465ee728b)
Start importing Assets/Characters/Lux/attack/attack_77.png using Guid(37d14ae1a79ed0f458b09133d1760dc4) Importer(815301076,1909f56bfc062723c751e8b465ee728b) (PreviewImporter) -> (artifact id: '11d5f6127c1e6db9689cbae3af345d8f') in 0.0412468 seconds
Number of updated asset objects reloaded before import = 0Number of asset objects unloaded after import = 3

========================================================================
Received Import Request.
  Time since last request: 0.000059 seconds.
  path: Assets/Characters/Lux/attack/attack_64.png
  artifactKey: Guid(b1f5851e121872041a661d4ab5153217) Importer(815301076,1909f56bfc062723c751e8b465ee728b)
Start importing Assets/Characters/Lux/attack/attack_64.png using Guid(b1f5851e121872041a661d4ab5153217) Importer(815301076,1909f56bfc062723c751e8b465ee728b) (PreviewImporter) -> (artifact id: 'b3d2800ee14e55fb956d958671590163') in 0.0461336 seconds
Number of updated asset objects reloaded before import = 0Number of asset objects unloaded after import = 3

========================================================================
Received Import Request.
  Time since last request: 0.000105 seconds.
  path: Assets/Characters/Lux/attack/attack_99.png
  artifactKey: Guid(5a064f12cd3b61a4d94b9e90d322d934) Importer(815301076,1909f56bfc062723c751e8b465ee728b)
Start importing Assets/Characters/Lux/attack/attack_99.png using Guid(5a064f12cd3b61a4d94b9e90d322d934) Importer(815301076,1909f56bfc062723c751e8b465ee728b) (PreviewImporter) -> (artifact id: '40bb5b6b4a1ec29574cc8306922f5518') in 0.0554881 seconds
Number of updated asset objects reloaded before import = 0Number of asset objects unloaded after import = 3

========================================================================
Received Import Request.
  Time since last request: 0.000041 seconds.
  path: Assets/Characters/Lux/attack/attack_78.png
  artifactKey: Guid(cda04e5027765594ab40027ff82bc83a) Importer(815301076,1909f56bfc062723c751e8b465ee728b)
Start importing Assets/Characters/Lux/attack/attack_78.png using Guid(cda04e5027765594ab40027ff82bc83a) Importer(815301076,1909f56bfc062723c751e8b465ee728b) (PreviewImporter) -> (artifact id: 'badfda684c131c4e99fb157a0d5e042d') in 0.0653186 seconds
Number of updated asset objects reloaded before import = 0Number of asset objects unloaded after import = 3

========================================================================
Received Import Request.
  Time since last request: 0.000059 seconds.
  path: Assets/Characters/Lux/attack/attack_81.png
  artifactKey: Guid(3c1c01dde86ed5b41a9527a7281fde14) Importer(815301076,1909f56bfc062723c751e8b465ee728b)
Start importing Assets/Characters/Lux/attack/attack_81.png using Guid(3c1c01dde86ed5b41a9527a7281fde14) Importer(815301076,1909f56bfc062723c751e8b465ee728b) (PreviewImporter) -> (artifact id: '3b9b332fffb2481b68c976d240cd1813') in 0.0565592 seconds
Number of updated asset objects reloaded before import = 0Number of asset objects unloaded after import = 3

========================================================================
Received Import Request.
  Time since last request: 0.000070 seconds.
  path: Assets/Characters/Lux/attack/attack_68.png
  artifactKey: Guid(87caf2e76e4bde747a751fa647454fcc) Importer(815301076,1909f56bfc062723c751e8b465ee728b)
Start importing Assets/Characters/Lux/attack/attack_68.png using Guid(87caf2e76e4bde747a751fa647454fcc) Importer(815301076,1909f56bfc062723c751e8b465ee728b) (PreviewImporter) -> (artifact id: 'd375b7bc6d60b2cde18f8efda07293f3') in 0.0678256 seconds
Number of updated asset objects reloaded before import = 0Number of asset objects unloaded after import = 3

========================================================================
Received Import Request.
  Time since last request: 0.000030 seconds.
  path: Assets/Characters/Lux/attack/attack_20.png
  artifactKey: Guid(b246f178750a70b40af43a5c1d46260d) Importer(815301076,1909f56bfc062723c751e8b465ee728b)
Start importing Assets/Characters/Lux/attack/attack_20.png using Guid(b246f178750a70b40af43a5c1d46260d) Importer(815301076,1909f56bfc062723c751e8b465ee728b) (PreviewImporter) -> (artifact id: '75ec4ea98112f22dbae780d8ff921c26') in 0.0532994 seconds
Number of updated asset objects reloaded before import = 0Number of asset objects unloaded after import = 3

========================================================================
Received Prepare
Begin MonoManager ReloadAssembly
- Loaded All Assemblies, in  7.000 seconds
Refreshing native plugins compatible for Editor in 9.88 ms, found 4 plugins.
Native extension for WindowsStandalone target not found
Native extension for WebGL target not found
Mono: successfully reloaded assembly
- Finished resetting the current domain, in  2.110 seconds
Domain Reload Profiling: 9135ms
	BeginReloadAssembly (3452ms)
		ExecutionOrderSort (5ms)
		DisableScriptedObjects (839ms)
		BackupInstance (0ms)
		ReleaseScriptingObjects (9ms)
		CreateAndSetChildDomain (1338ms)
	RebuildCommonClasses (68ms)
	RebuildNativeTypeToScriptingClass (25ms)
	initialDomainReloadingComplete (79ms)
	LoadAllAssembliesAndSetupDomain (3400ms)
		LoadAssemblies (2271ms)
		RebuildTransferFunctionScriptingTraits (0ms)
		AnalyzeDomain (1435ms)
			TypeCache.Refresh (309ms)
				TypeCache.ScanAssembly (7ms)
			BuildScriptInfoCaches (1049ms)
			ResolveRequiredComponents (35ms)
	FinalizeReload (2111ms)
		ReleaseScriptCaches (0ms)
		RebuildScriptCaches (0ms)
		SetupLoadedEditorAssemblies (1687ms)
			LogAssemblyErrors (0ms)
			InitializePlatformSupportModulesInManaged (6ms)
			SetLoadedEditorAssemblies (8ms)
			BeforeProcessingInitializeOnLoad (443ms)
			ProcessInitializeOnLoadAttributes (1065ms)
			ProcessInitializeOnLoadMethodAttributes (150ms)
			AfterProcessingInitializeOnLoad (14ms)
			EditorAssembliesLoaded (0ms)
		ExecutionOrderSort2 (0ms)
		AwakeInstancesAfterBackupRestoration (22ms)
Refreshing native plugins compatible for Editor in 7.67 ms, found 4 plugins.
Preloading 0 native plugins for Editor in 0.00 ms.
Unloading 31 Unused Serialized files (Serialized files now loaded: 0)
Unloading 6774 unused Assets / (7.3 MB). Loaded Objects now: 7493.
Memory consumption went from 154.1 MB to 146.7 MB.
Total: 37.865900 ms (FindLiveObjects: 1.681600 ms CreateObjectMapping: 2.761200 ms MarkObjects: 21.845000 ms  DeleteObjects: 11.574000 ms)

Prepare: number of updated asset objects reloaded= 0
========================================================================
Received Import Request.
  Time since last request: 499.436290 seconds.
  path: Assets/player1_controller.controller
  artifactKey: Guid(985112415a173d344966f4271d9c3b91) Importer(815301076,1909f56bfc062723c751e8b465ee728b)
Start importing Assets/player1_controller.controller using Guid(985112415a173d344966f4271d9c3b91) Importer(815301076,1909f56bfc062723c751e8b465ee728b) (PreviewImporter) -> (artifact id: '15ca6cc58eb4696fdb2d3cc4e7fc44d0') in 0.099107 seconds
Number of updated asset objects reloaded before import = 0Number of asset objects unloaded after import = 1

========================================================================
Received Import Request.
  Time since last request: 15.139826 seconds.
  path: Assets/player_matchup_controller.controller
  artifactKey: Guid(985112415a173d344966f4271d9c3b91) Importer(815301076,1909f56bfc062723c751e8b465ee728b)
Start importing Assets/player_matchup_controller.controller using Guid(985112415a173d344966f4271d9c3b91) Importer(815301076,1909f56bfc062723c751e8b465ee728b) (PreviewImporter) -> (artifact id: '3ecdf0d7e58936421e47704a21badd9d') in 0.0033789 seconds
Number of updated asset objects reloaded before import = 0Number of asset objects unloaded after import = 2

========================================================================
Received Prepare
Refreshing native plugins compatible for Editor in 4.52 ms, found 4 plugins.
Preloading 0 native plugins for Editor in 0.00 ms.
Unloading 31 Unused Serialized files (Serialized files now loaded: 0)
Unloading 6763 unused Assets / (6.8 MB). Loaded Objects now: 7493.
Memory consumption went from 154.3 MB to 147.5 MB.
Total: 141.184200 ms (FindLiveObjects: 2.718100 ms CreateObjectMapping: 2.169400 ms MarkObjects: 128.613500 ms  DeleteObjects: 7.679800 ms)

Prepare: number of updated asset objects reloaded= 0
========================================================================
Received Prepare
Refreshing native plugins compatible for Editor in 5.12 ms, found 4 plugins.
Preloading 0 native plugins for Editor in 0.00 ms.
Unloading 31 Unused Serialized files (Serialized files now loaded: 0)
Unloading 6763 unused Assets / (7.7 MB). Loaded Objects now: 7493.
Memory consumption went from 156.5 MB to 148.8 MB.
Total: 28.065000 ms (FindLiveObjects: 3.349500 ms CreateObjectMapping: 2.197400 ms MarkObjects: 13.216500 ms  DeleteObjects: 9.298600 ms)

Prepare: number of updated asset objects reloaded= 0
========================================================================
Received Import Request.
  Time since last request: 198.180199 seconds.
  path: Assets/GifToUnity/Gif For Unity Manual.pdf
  artifactKey: Guid(f86edab9dfd40f04aab38512fb358ce5) Importer(815301076,1909f56bfc062723c751e8b465ee728b)
Start importing Assets/GifToUnity/Gif For Unity Manual.pdf using Guid(f86edab9dfd40f04aab38512fb358ce5) Importer(815301076,1909f56bfc062723c751e8b465ee728b) (PreviewImporter) -> (artifact id: '4252ca81885c9d4a5416f8fb38e395fe') in 0.2142822 seconds
Number of updated asset objects reloaded before import = 0Number of asset objects unloaded after import = 1

========================================================================
Received Import Request.
  Time since last request: 30.686451 seconds.
  path: Assets/GifToUnity/Editor
  artifactKey: Guid(e4fa4bd5ac09409a91a956a18e81c459) Importer(815301076,1909f56bfc062723c751e8b465ee728b)
Start importing Assets/GifToUnity/Editor using Guid(e4fa4bd5ac09409a91a956a18e81c459) Importer(815301076,1909f56bfc062723c751e8b465ee728b) (PreviewImporter) -> (artifact id: '3248fe65ac8d4abc939e4fbfd9cb07a0') in 0.0016461 seconds
Number of updated asset objects reloaded before import = 0Number of asset objects unloaded after import = 0

========================================================================
Received Import Request.
  Time since last request: 0.006494 seconds.
  path: Assets/GifToUnity/Editor/GifImporter.Editor.asmdef
  artifactKey: Guid(320ea99aa5bdb844cb3c7c5629c0d70f) Importer(815301076,1909f56bfc062723c751e8b465ee728b)
Start importing Assets/GifToUnity/Editor/GifImporter.Editor.asmdef using Guid(320ea99aa5bdb844cb3c7c5629c0d70f) Importer(815301076,1909f56bfc062723c751e8b465ee728b) (PreviewImporter) -> (artifact id: 'd94f66235058d297182821eae19ce293') in 0.0009486 seconds
Number of updated asset objects reloaded before import = 0Number of asset objects unloaded after import = 0

========================================================================
Received Import Request.
  Time since last request: 2.519840 seconds.
  path: Assets/GifToUnity/Editor/GifImporter.cs
  artifactKey: Guid(a8556b8c5c15fa947a56ccf77f51d734) Importer(815301076,1909f56bfc062723c751e8b465ee728b)
Start importing Assets/GifToUnity/Editor/GifImporter.cs using Guid(a8556b8c5c15fa947a56ccf77f51d734) Importer(815301076,1909f56bfc062723c751e8b465ee728b) (PreviewImporter) -> (artifact id: '94b9fae6a51d77e8aee0bf351f2aa702') in 0.0022504 seconds
Number of updated asset objects reloaded before import = 0Number of asset objects unloaded after import = 0

========================================================================
Received Import Request.
  Time since last request: 27.796039 seconds.
  path: Assets/GifToUnity/Editor/GifEditor.cs
  artifactKey: Guid(0dbb7cda57434fb6afe42210be2ad680) Importer(815301076,1909f56bfc062723c751e8b465ee728b)
Start importing Assets/GifToUnity/Editor/GifEditor.cs using Guid(0dbb7cda57434fb6afe42210be2ad680) Importer(815301076,1909f56bfc062723c751e8b465ee728b) (PreviewImporter) -> (artifact id: 'dbcf7ba568d6237a3d1885e1a1d07933') in 0.0086002 seconds
Number of updated asset objects reloaded before import = 0Number of asset objects unloaded after import = 0

========================================================================
Received Prepare
Refreshing native plugins compatible for Editor in 7.02 ms, found 4 plugins.
Preloading 0 native plugins for Editor in 0.00 ms.
Unloading 31 Unused Serialized files (Serialized files now loaded: 0)
Unloading 6763 unused Assets / (7.6 MB). Loaded Objects now: 7493.
Memory consumption went from 154.3 MB to 146.7 MB.
Total: 109.309800 ms (FindLiveObjects: 2.986300 ms CreateObjectMapping: 1.645300 ms MarkObjects: 97.278700 ms  DeleteObjects: 7.396300 ms)

Prepare: number of updated asset objects reloaded= 0
========================================================================
Received Prepare
Refreshing native plugins compatible for Editor in 8.75 ms, found 4 plugins.
Preloading 0 native plugins for Editor in 0.00 ms.
Unloading 31 Unused Serialized files (Serialized files now loaded: 0)
Unloading 6763 unused Assets / (9.5 MB). Loaded Objects now: 7493.
Memory consumption went from 156.5 MB to 147.1 MB.
Total: 1128.869200 ms (FindLiveObjects: 11.900300 ms CreateObjectMapping: 2.819500 ms MarkObjects: 1085.269700 ms  DeleteObjects: 28.872800 ms)

Prepare: number of updated asset objects reloaded= 0
========================================================================
Received Prepare
Refreshing native plugins compatible for Editor in 5.96 ms, found 4 plugins.
Preloading 0 native plugins for Editor in 0.00 ms.
Unloading 31 Unused Serialized files (Serialized files now loaded: 0)
Unloading 6763 unused Assets / (7.3 MB). Loaded Objects now: 7493.
Memory consumption went from 158.7 MB to 151.3 MB.
Total: 121.884200 ms (FindLiveObjects: 2.231100 ms CreateObjectMapping: 1.682300 ms MarkObjects: 108.097300 ms  DeleteObjects: 9.870100 ms)

Prepare: number of updated asset objects reloaded= 0
========================================================================
Received Prepare
Refreshing native plugins compatible for Editor in 7.68 ms, found 4 plugins.
Preloading 0 native plugins for Editor in 0.00 ms.
Unloading 31 Unused Serialized files (Serialized files now loaded: 0)
Unloading 6763 unused Assets / (7.4 MB). Loaded Objects now: 7493.
Memory consumption went from 160.9 MB to 153.5 MB.
Total: 498.988000 ms (FindLiveObjects: 3.624600 ms CreateObjectMapping: 3.172200 ms MarkObjects: 478.868100 ms  DeleteObjects: 13.317600 ms)

Prepare: number of updated asset objects reloaded= 0
========================================================================
Received Prepare
Begin MonoManager ReloadAssembly
- Loaded All Assemblies, in  6.863 seconds
Refreshing native plugins compatible for Editor in 6.39 ms, found 4 plugins.
Native extension for WindowsStandalone target not found
Native extension for WebGL target not found
Mono: successfully reloaded assembly
- Finished resetting the current domain, in  1.634 seconds
Domain Reload Profiling: 8486ms
	BeginReloadAssembly (3623ms)
		ExecutionOrderSort (2ms)
		DisableScriptedObjects (681ms)
		BackupInstance (0ms)
		ReleaseScriptingObjects (7ms)
		CreateAndSetChildDomain (1414ms)
	RebuildCommonClasses (131ms)
	RebuildNativeTypeToScriptingClass (33ms)
	initialDomainReloadingComplete (140ms)
	LoadAllAssembliesAndSetupDomain (2923ms)
		LoadAssemblies (2710ms)
		RebuildTransferFunctionScriptingTraits (0ms)
		AnalyzeDomain (961ms)
			TypeCache.Refresh (93ms)
				TypeCache.ScanAssembly (3ms)
			BuildScriptInfoCaches (792ms)
			ResolveRequiredComponents (34ms)
	FinalizeReload (1635ms)
		ReleaseScriptCaches (0ms)
		RebuildScriptCaches (0ms)
		SetupLoadedEditorAssemblies (1294ms)
			LogAssemblyErrors (0ms)
			InitializePlatformSupportModulesInManaged (8ms)
			SetLoadedEditorAssemblies (7ms)
			BeforeProcessingInitializeOnLoad (301ms)
			ProcessInitializeOnLoadAttributes (870ms)
			ProcessInitializeOnLoadMethodAttributes (96ms)
			AfterProcessingInitializeOnLoad (12ms)
			EditorAssembliesLoaded (0ms)
		ExecutionOrderSort2 (0ms)
		AwakeInstancesAfterBackupRestoration (24ms)
Refreshing native plugins compatible for Editor in 3.24 ms, found 4 plugins.
Preloading 0 native plugins for Editor in 0.00 ms.
Unloading 31 Unused Serialized files (Serialized files now loaded: 0)
Unloading 6774 unused Assets / (7.0 MB). Loaded Objects now: 7496.
Memory consumption went from 163.0 MB to 155.9 MB.
Total: 19.812300 ms (FindLiveObjects: 0.983800 ms CreateObjectMapping: 1.575200 ms MarkObjects: 10.621300 ms  DeleteObjects: 6.629400 ms)

Prepare: number of updated asset objects reloaded= 0
========================================================================
Received Import Request.
  Time since last request: 4758.530637 seconds.
  path: Assets/Characters/Aqua/1.mp4
  artifactKey: Guid(485a9484f792ec0448718a3cc759afba) Importer(815301076,1909f56bfc062723c751e8b465ee728b)
Start importing Assets/Characters/Aqua/1.mp4 using Guid(485a9484f792ec0448718a3cc759afba) Importer(815301076,1909f56bfc062723c751e8b465ee728b) (PreviewImporter) -> (artifact id: '5c3b23adc0b7346e4b4122fa3b1ecbd9') in 0.0943575 seconds
Number of updated asset objects reloaded before import = 0Number of asset objects unloaded after import = 1

========================================================================
Received Import Request.
  Time since last request: 0.000038 seconds.
  path: Assets/Characters/Aqua/3.mp4
  artifactKey: Guid(576bb30248df05540ae9a63daaeaf2bc) Importer(815301076,1909f56bfc062723c751e8b465ee728b)
Start importing Assets/Characters/Aqua/3.mp4 using Guid(576bb30248df05540ae9a63daaeaf2bc) Importer(815301076,1909f56bfc062723c751e8b465ee728b) (PreviewImporter) -> (artifact id: '2cf938e116deea035e2a4bf207302099') in 0.0036116 seconds
Number of updated asset objects reloaded before import = 0Number of asset objects unloaded after import = 1

========================================================================
Received Import Request.
  Time since last request: 87.650226 seconds.
  path: Assets/Characters/Aqua/lv_0_20251119224154.asset
  artifactKey: Guid(60923064b20f10849be8291b5ba6def1) Importer(815301076,1909f56bfc062723c751e8b465ee728b)
Start importing Assets/Characters/Aqua/lv_0_20251119224154.asset using Guid(60923064b20f10849be8291b5ba6def1) Importer(815301076,1909f56bfc062723c751e8b465ee728b) (PreviewImporter) -> (artifact id: '199010dea48e0a216c9cb3ecf1ddc785') in 0.8921337 seconds
Number of updated asset objects reloaded before import = 0Number of asset objects unloaded after import = 72

========================================================================
Received Import Request.
  Time since last request: 0.001237 seconds.
  path: Assets/Characters/Aqua/lv_0_20251119224154/lv_0_20251119224154_1.png
  artifactKey: Guid(e4ab3ff008c788c4686daaa70676d392) Importer(815301076,1909f56bfc062723c751e8b465ee728b)
Start importing Assets/Characters/Aqua/lv_0_20251119224154/lv_0_20251119224154_1.png using Guid(e4ab3ff008c788c4686daaa70676d392) Importer(815301076,1909f56bfc062723c751e8b465ee728b) (PreviewImporter) -> (artifact id: '6082d6c53ef2eadf7f023ec1602122cb') in 0.6348398 seconds
Number of updated asset objects reloaded before import = 0Number of asset objects unloaded after import = 3

========================================================================
Received Import Request.
  Time since last request: 23.971756 seconds.
  path: Assets/Characters/Lux/Untitled design.mp4
  artifactKey: Guid(dd586e9d6f0610b49818c39f27d6a60f) Importer(815301076,1909f56bfc062723c751e8b465ee728b)
Start importing Assets/Characters/Lux/Untitled design.mp4 using Guid(dd586e9d6f0610b49818c39f27d6a60f) Importer(815301076,1909f56bfc062723c751e8b465ee728b) (PreviewImporter) -> (artifact id: 'c90a3c7e2bf76b74a6763cb5748734bb') in 0.0098701 seconds
Number of updated asset objects reloaded before import = 0Number of asset objects unloaded after import = 1

========================================================================
Received Import Request.
  Time since last request: 0.000041 seconds.
  path: Assets/Characters/Lux/Untitled design(2).mp4
  artifactKey: Guid(a7b592446b869b64a97fc6d6c2318518) Importer(815301076,1909f56bfc062723c751e8b465ee728b)
Start importing Assets/Characters/Lux/Untitled design(2).mp4 using Guid(a7b592446b869b64a97fc6d6c2318518) Importer(815301076,1909f56bfc062723c751e8b465ee728b) (PreviewImporter) -> (artifact id: '9202d825cfb670792c4dd6ed4c1e7611') in 0.0091934 seconds
Number of updated asset objects reloaded before import = 0Number of asset objects unloaded after import = 1

========================================================================
Received Import Request.
  Time since last request: 0.000044 seconds.
  path: Assets/Characters/Lux/Untitled design(5).mp4
  artifactKey: Guid(fab7ad63170aa314a99b93a22d98629a) Importer(815301076,1909f56bfc062723c751e8b465ee728b)
Start importing Assets/Characters/Lux/Untitled design(5).mp4 using Guid(fab7ad63170aa314a99b93a22d98629a) Importer(815301076,1909f56bfc062723c751e8b465ee728b) (PreviewImporter) -> (artifact id: '68f51d35e143e9a8734cf8fdb0e6e81c') in 0.0040759 seconds
Number of updated asset objects reloaded before import = 0Number of asset objects unloaded after import = 1

========================================================================
Received Import Request.
  Time since last request: 0.000021 seconds.
  path: Assets/Characters/Lux/Untitled design(7).mp4
  artifactKey: Guid(c1715543c9e7dad4f9408a9906ce41f6) Importer(815301076,1909f56bfc062723c751e8b465ee728b)
Start importing Assets/Characters/Lux/Untitled design(7).mp4 using Guid(c1715543c9e7dad4f9408a9906ce41f6) Importer(815301076,1909f56bfc062723c751e8b465ee728b) (PreviewImporter) -> (artifact id: 'dc4e0adc4a0f355ab3129a54e7aa1a07') in 0.0035871 seconds
Number of updated asset objects reloaded before import = 0Number of asset objects unloaded after import = 1

Editor requested this worker to shutdown with reason: Scaling down because of idle timeout
AssetImportWorker is now disconnected from the server
Process exiting
Exiting without the bug reporter. Application will terminate with return code 0